# JRE version: OpenJDK Runtime Environment Temurin-21.0.6+7 (21.0.6+7) (build 21.0.6+7-LTS)
# Java VM: OpenJDK 64-Bit Server VM Temurin-21.0.6+7 (21.0.6+7-LTS, mixed mode, sharing, tiered, compressed oops, compressed class ptrs, g1 gc, windows-amd64)
GC Precious Log:
 CardTable entry size: 512
 Card Set container configuration: InlinePtr #cards 4 size 8 Array Of Cards #cards 16 size 48 Howl #buckets 8 coarsen threshold 3686 Howl Bitmap #cards 512 size 80 coarsen threshold 460 Card regions per heap region 1 cards per card region 4096
 CPUs: 12 total, 12 available
 Memory: 16068M
 Large Page Support: Disabled
 NUMA Support: Disabled
 Compressed Oops: Enabled (Zero based)
 Heap Region Size: 2M
 Heap Min Capacity: 8M
 Heap Initial Capacity: 252M
 Heap Max Capacity: 4018M
 Pre-touch: Disabled
 Parallel Workers: 10
 Concurrent Workers: 3
 Concurrent Refinement Workers: 10
 Periodic GC: Disabled
Heap:
 garbage-first heap   total 118784K, used 99025K [0x0000000704e00000, 0x0000000800000000)
  region size 2048K, 26 young (53248K), 3 survivors (6144K)
 Metaspace       used 36781K, committed 37312K, reserved 1114112K
  class space    used 4122K, committed 4416K, reserved 1048576K
GC Heap History (20 events):
Event: 0.670 GC heap after
{Heap after GC invocations=1 (full 0):
 garbage-first heap   total 258048K, used 3983K [0x0000000704e00000, 0x0000000800000000)
  region size 2048K, 2 young (4096K), 2 survivors (4096K)
 Metaspace       used 5589K, committed 5760K, reserved 1114112K
  class space    used 648K, committed 768K, reserved 1048576K
}
Event: 1.278 GC heap before
{Heap before GC invocations=1 (full 0):
 garbage-first heap   total 258048K, used 36751K [0x0000000704e00000, 0x0000000800000000)
  region size 2048K, 18 young (36864K), 2 survivors (4096K)
 Metaspace       used 9860K, committed 10048K, reserved 1114112K
  class space    used 1159K, committed 1280K, reserved 1048576K
}
Event: 1.285 GC heap after
{Heap after GC invocations=2 (full 0):
 garbage-first heap   total 258048K, used 5517K [0x0000000704e00000, 0x0000000800000000)
  region size 2048K, 1 young (2048K), 1 survivors (2048K)
 Metaspace       used 9860K, committed 10048K, reserved 1114112K
  class space    used 1159K, committed 1280K, reserved 1048576K
}
Event: 4.063 GC heap before
{Heap before GC invocations=2 (full 0):
 garbage-first heap   total 258048K, used 120205K [0x0000000704e00000, 0x0000000800000000)
  region size 2048K, 59 young (120832K), 1 survivors (2048K)
 Metaspace       used 21169K, committed 21504K, reserved 1114112K
  class space    used 2439K, committed 2560K, reserved 1048576K
}
Event: 4.075 GC heap after
{Heap after GC invocations=3 (full 0):
 garbage-first heap   total 258048K, used 15016K [0x0000000704e00000, 0x0000000800000000)
  region size 2048K, 6 young (12288K), 6 survivors (12288K)
 Metaspace       used 21169K, committed 21504K, reserved 1114112K
  class space    used 2439K, committed 2560K, reserved 1048576K
}
Event: 4.897 GC heap before
{Heap before GC invocations=4 (full 0):
 garbage-first heap   total 55296K, used 53928K [0x0000000704e00000, 0x0000000800000000)
  region size 2048K, 25 young (51200K), 6 survivors (12288K)
 Metaspace       used 26397K, committed 26752K, reserved 1114112K
  class space    used 2978K, committed 3136K, reserved 1048576K
}
Event: 4.914 GC heap after
{Heap after GC invocations=5 (full 0):
 garbage-first heap   total 77824K, used 25651K [0x0000000704e00000, 0x0000000800000000)
  region size 2048K, 10 young (20480K), 10 survivors (20480K)
 Metaspace       used 26397K, committed 26752K, reserved 1114112K
  class space    used 2978K, committed 3136K, reserved 1048576K
}
Event: 5.302 GC heap before
{Heap before GC invocations=5 (full 0):
 garbage-first heap   total 77824K, used 50227K [0x0000000704e00000, 0x0000000800000000)
  region size 2048K, 22 young (45056K), 10 survivors (20480K)
 Metaspace       used 27494K, committed 27904K, reserved 1114112K
  class space    used 3092K, committed 3264K, reserved 1048576K
}
Event: 5.320 GC heap after
{Heap after GC invocations=6 (full 0):
 garbage-first heap   total 94208K, used 29928K [0x0000000704e00000, 0x0000000800000000)
  region size 2048K, 2 young (4096K), 2 survivors (4096K)
 Metaspace       used 27494K, committed 27904K, reserved 1114112K
  class space    used 3092K, committed 3264K, reserved 1048576K
}
Event: 5.942 GC heap before
{Heap before GC invocations=6 (full 0):
 garbage-first heap   total 94208K, used 72936K [0x0000000704e00000, 0x0000000800000000)
  region size 2048K, 23 young (47104K), 2 survivors (4096K)
 Metaspace       used 29281K, committed 29760K, reserved 1114112K
  class space    used 3295K, committed 3520K, reserved 1048576K
}
Event: 5.951 GC heap after
{Heap after GC invocations=7 (full 0):
 garbage-first heap   total 94208K, used 30532K [0x0000000704e00000, 0x0000000800000000)
  region size 2048K, 3 young (6144K), 3 survivors (6144K)
 Metaspace       used 29281K, committed 29760K, reserved 1114112K
  class space    used 3295K, committed 3520K, reserved 1048576K
}
Event: 6.962 GC heap before
{Heap before GC invocations=7 (full 0):
 garbage-first heap   total 94208K, used 75588K [0x0000000704e00000, 0x0000000800000000)
  region size 2048K, 25 young (51200K), 3 survivors (6144K)
 Metaspace       used 31406K, committed 31872K, reserved 1114112K
  class space    used 3520K, committed 3712K, reserved 1048576K
}
Event: 6.975 GC heap after
{Heap after GC invocations=8 (full 0):
 garbage-first heap   total 94208K, used 38064K [0x0000000704e00000, 0x0000000800000000)
  region size 2048K, 4 young (8192K), 4 survivors (8192K)
 Metaspace       used 31406K, committed 31872K, reserved 1114112K
  class space    used 3520K, committed 3712K, reserved 1048576K
}
Event: 7.473 GC heap before
{Heap before GC invocations=8 (full 0):
 garbage-first heap   total 94208K, used 72880K [0x0000000704e00000, 0x0000000800000000)
  region size 2048K, 22 young (45056K), 4 survivors (8192K)
 Metaspace       used 31968K, committed 32512K, reserved 1114112K
  class space    used 3569K, committed 3776K, reserved 1048576K
}
Event: 7.494 GC heap after
{Heap after GC invocations=9 (full 0):
 garbage-first heap   total 94208K, used 47811K [0x0000000704e00000, 0x0000000800000000)
  region size 2048K, 3 young (6144K), 3 survivors (6144K)
 Metaspace       used 31968K, committed 32512K, reserved 1114112K
  class space    used 3569K, committed 3776K, reserved 1048576K
}
Event: 7.864 GC heap before
{Heap before GC invocations=9 (full 0):
 garbage-first heap   total 94208K, used 76483K [0x0000000704e00000, 0x0000000800000000)
  region size 2048K, 17 young (34816K), 3 survivors (6144K)
 Metaspace       used 32971K, committed 33472K, reserved 1114112K
  class space    used 3684K, committed 3904K, reserved 1048576K
}
Event: 7.872 GC heap after
{Heap after GC invocations=10 (full 0):
 garbage-first heap   total 118784K, used 50373K [0x0000000704e00000, 0x0000000800000000)
  region size 2048K, 1 young (2048K), 1 survivors (2048K)
 Metaspace       used 32971K, committed 33472K, reserved 1114112K
  class space    used 3684K, committed 3904K, reserved 1048576K
}
Event: 8.763 GC heap before
{Heap before GC invocations=11 (full 0):
 garbage-first heap   total 118784K, used 97477K [0x0000000704e00000, 0x0000000800000000)
  region size 2048K, 24 young (49152K), 1 survivors (2048K)
 Metaspace       used 34182K, committed 34752K, reserved 1114112K
  class space    used 3751K, committed 4032K, reserved 1048576K
}
Event: 8.771 GC heap after
{Heap after GC invocations=12 (full 0):
 garbage-first heap   total 118784K, used 52341K [0x0000000704e00000, 0x0000000800000000)
  region size 2048K, 2 young (4096K), 2 survivors (4096K)
 Metaspace       used 34182K, committed 34752K, reserved 1114112K
  class space    used 3751K, committed 4032K, reserved 1048576K
}
Event: 15.779 GC heap before
{Heap before GC invocations=12 (full 0):
 garbage-first heap   total 118784K, used 97397K [0x0000000704e00000, 0x0000000800000000)
  region size 2048K, 25 young (51200K), 2 survivors (4096K)
 Metaspace       used 36781K, committed 37312K, reserved 1114112K
  class space    used 4122K, committed 4416K, reserved 1048576K
}

